<?xml version="1.0" encoding="UTF-8"?>
<!-- Generated by org.testng.reporters.JUnitXMLReporter -->
<testsuite hostname="DESKTOP-79QFOE9" ignored="8" name="About_PP_TC_Test_Cases" tests="3" failures="0" timestamp="10 Jan 2021 10:25:17 GMT" time="69.88" errors="0">
  <testcase name="helpPage" time="39.41" classname="TestCases.AboutTest"/>
  <testcase name="helpPage" time="13.522" classname="TestCases.PrivacyPolicyTest"/>
  <testcase name="helpPage" time="14.684" classname="TestCases.TermsOfUseTest"/>
  <testcase name="@AfterSuite CloseFramework" time="0.0" classname="Constant.BaseTest">
    <ignored/>
  </testcase> <!-- @AfterSuite CloseFramework -->
  <testcase name="@AfterSuite CloseFramework" time="0.0" classname="Constant.BaseTest">
    <ignored/>
  </testcase> <!-- @AfterSuite CloseFramework -->
  <testcase name="@BeforeTest Extent" time="0.0" classname="Constant.BaseTest">
    <ignored/>
  </testcase> <!-- @BeforeTest Extent -->
  <testcase name="@BeforeTest Extent" time="0.0" classname="Constant.BaseTest">
    <ignored/>
  </testcase> <!-- @BeforeTest Extent -->
  <testcase name="@AfterTest GenerareReport" time="0.0" classname="Constant.BaseTest">
    <ignored/>
  </testcase> <!-- @AfterTest GenerareReport -->
  <testcase name="@AfterTest GenerareReport" time="0.0" classname="Constant.BaseTest">
    <ignored/>
  </testcase> <!-- @AfterTest GenerareReport -->
  <testcase name="@BeforeSuite initApplication" time="0.0" classname="Constant.BaseTest">
    <ignored/>
  </testcase> <!-- @BeforeSuite initApplication -->
  <testcase name="@BeforeSuite initApplication" time="0.0" classname="Constant.BaseTest">
    <ignored/>
  </testcase> <!-- @BeforeSuite initApplication -->
</testsuite> <!-- About_PP_TC_Test_Cases -->
