<?xml version="1.0" encoding="UTF-8"?>
<!-- Generated by org.testng.reporters.JUnitXMLReporter -->
<testsuite hostname="DESKTOP-79QFOE9" ignored="4" name="Forgot_Password_Test_Cases" tests="2" failures="0" timestamp="10 Jan 2021 10:04:56 GMT" time="25.213" errors="0">
  <testcase name="forgotPassword" time="15.265" classname="TestCases.ForgotPasswordTest"/>
  <testcase name="forgotPasswordNegetiveCases" time="7.841" classname="TestCases.ForgotPasswordNegetiveCaseTest"/>
  <testcase name="@AfterSuite CloseFramework" time="0.0" classname="Constant.BaseTest">
    <ignored/>
  </testcase> <!-- @AfterSuite CloseFramework -->
  <testcase name="@BeforeTest Extent" time="0.0" classname="Constant.BaseTest">
    <ignored/>
  </testcase> <!-- @BeforeTest Extent -->
  <testcase name="@AfterTest GenerareReport" time="0.0" classname="Constant.BaseTest">
    <ignored/>
  </testcase> <!-- @AfterTest GenerareReport -->
  <testcase name="@BeforeSuite initApplication" time="0.0" classname="Constant.BaseTest">
    <ignored/>
  </testcase> <!-- @BeforeSuite initApplication -->
</testsuite> <!-- Forgot_Password_Test_Cases -->
