<?xml version="1.0" encoding="UTF-8"?>
<!-- Generated by org.testng.reporters.JUnitXMLReporter -->
<testsuite hostname="DESKTOP-79QFOE9" ignored="4" name="Google_SignUp" tests="2" failures="0" timestamp="06 Jan 2021 04:01:01 GMT" time="51.765" errors="0">
  <testcase name="googleSignUp" time="38.526" classname="TestCases.GoogleSignUpTest"/>
  <testcase name="Logout" time="7.936" classname="TestCases.LogoutTest"/>
  <testcase name="@AfterSuite CloseFramework" time="0.0" classname="Constant.BaseTest">
    <ignored/>
  </testcase> <!-- @AfterSuite CloseFramework -->
  <testcase name="@BeforeTest Extent" time="0.0" classname="Constant.BaseTest">
    <ignored/>
  </testcase> <!-- @BeforeTest Extent -->
  <testcase name="@AfterTest GenerareReport" time="0.0" classname="Constant.BaseTest">
    <ignored/>
  </testcase> <!-- @AfterTest GenerareReport -->
  <testcase name="@BeforeSuite initApplication" time="0.0" classname="Constant.BaseTest">
    <ignored/>
  </testcase> <!-- @BeforeSuite initApplication -->
</testsuite> <!-- Google_SignUp -->
