<?xml version="1.0" encoding="UTF-8"?>
<!-- Generated by org.testng.reporters.JUnitXMLReporter -->
<testsuite hostname="DESKTOP-79QFOE9" ignored="8" name="NegetiveLogin_Test_Cases" tests="3" failures="0" timestamp="10 Jan 2021 10:11:51 GMT" time="32.674" errors="0">
  <testcase name="LoginPageNegetiveTestCase_WithWrongEmailandPassword" time="18.494" classname="TestCases.LoginPageNegetiveCase_WithWrongEmailandPasswordTest"/>
  <testcase name="LoginPageNegetiveTestCase_WithoutEnteringtheEmailIDandPassword" time="5.561" classname="TestCases.LoginPageNegetiveTest_WithoutEnteringtheEmailID"/>
  <testcase name="LoginPageNegetiveTestCase_WithoutEnteringthePassword" time="6.727" classname="TestCases.LoginPageNegetiveTest_WithoutEnteringthePassword"/>
  <testcase name="@AfterSuite CloseFramework" time="0.0" classname="Constant.BaseTest">
    <ignored/>
  </testcase> <!-- @AfterSuite CloseFramework -->
  <testcase name="@AfterSuite CloseFramework" time="0.0" classname="Constant.BaseTest">
    <ignored/>
  </testcase> <!-- @AfterSuite CloseFramework -->
  <testcase name="@BeforeTest Extent" time="0.0" classname="Constant.BaseTest">
    <ignored/>
  </testcase> <!-- @BeforeTest Extent -->
  <testcase name="@BeforeTest Extent" time="0.0" classname="Constant.BaseTest">
    <ignored/>
  </testcase> <!-- @BeforeTest Extent -->
  <testcase name="@AfterTest GenerareReport" time="0.0" classname="Constant.BaseTest">
    <ignored/>
  </testcase> <!-- @AfterTest GenerareReport -->
  <testcase name="@AfterTest GenerareReport" time="0.0" classname="Constant.BaseTest">
    <ignored/>
  </testcase> <!-- @AfterTest GenerareReport -->
  <testcase name="@BeforeSuite initApplication" time="0.0" classname="Constant.BaseTest">
    <ignored/>
  </testcase> <!-- @BeforeSuite initApplication -->
  <testcase name="@BeforeSuite initApplication" time="0.0" classname="Constant.BaseTest">
    <ignored/>
  </testcase> <!-- @BeforeSuite initApplication -->
</testsuite> <!-- NegetiveLogin_Test_Cases -->
