<?xml version="1.0" encoding="UTF-8"?>
<!-- Generated by org.testng.reporters.JUnitXMLReporter -->
<testsuite hostname="DESKTOP-79QFOE9" ignored="0" name="Purchase_Activities" tests="1" failures="1" timestamp="12 Jan 2021 08:54:51 GMT" time="21.015" errors="0">
  <testcase name="PurchaseSeries_contentflowViaEpisodeSection" time="9.36" classname="TestCases.PurchaseSeries_ViaEpisodeTest">
    <failure type="org.openqa.selenium.WebDriverException" message="unknown error: Element &amp;lt;img data-v-7ffd8f16=&amp;quot;&amp;quot; src=&amp;quot;/static/img/placeholder-landscape.4f500a7.png&amp;quot; alt=&amp;quot;Slider&amp;quot; class=&amp;quot;landscape-div&amp;quot;&amp;gt; is not clickable at point (817, 169). Other element would receive the click: &amp;lt;img data-v-7ffd8f16=&amp;quot;&amp;quot; src=&amp;quot;data:image/svg+xml;base64,PHN2ZyB4bWxucz0iaHR0cDovL3d3dy53My5vcmcvMjAwMC9zdmciIHdpZHRoPSI1OSIgaGVpZ2h0PSI1OSIgdmlld0JveD0iMCAwIDU5IDU5Ij48ZGVmcz48c3R5bGU+LmF7ZmlsbDpyZ2JhKDAsMCwwLDAuNCk7c3Ryb2tlOiNmZmY7c3Ryb2tlLXdpZHRoOjNweDt9LmJ7ZmlsbDojZmZmO30uY3tzdHJva2U6bm9uZTt9LmR7ZmlsbDpub25lO308L3N0eWxlPjwvZGVmcz48ZyB0cmFuc2Zvcm09InRyYW5zbGF0ZSgtNjIuMTE1IC00ODkuMTE1KSI+PGcgY2xhc3M9ImEiIHRyYW5zZm9ybT0idHJhbnNsYXRlKDYyLjExNSA0ODkuMTE1KSI+PGNpcmNsZSBjbGFzcz0iYyIgY3g9IjI5LjUiIGN5PSIyOS41IiByPSIyOS41Ii8+PGNpcmNsZSBjbGFzcz0iZCIgY3g9IjI5LjUiIGN5PSIyOS41IiByPSIyOCIvPjwvZz48cGF0aCBjbGFzcz0iYiIgZD0iTTguMDM0LDEuMTI1YTIuMzEsMi4zMSwwLDAsMSwzLjk2NiwwbDcuNywxMi44OTNhMi4zMSwyLjMxLDAsMCwxLTEuOTgzLDMuNDk1SDIuMzEzQTIuMzEsMi4zMSwwLDAsMSwuMzMxLDE0LjAxOVoiIHRyYW5zZm9ybT0idHJhbnNsYXRlKDEwMy4wOTMgNTA5LjAxKSByb3RhdGUoOTApIi8+PC9nPjwvc3ZnPg==&amp;quot; alt=&amp;quot;play&amp;quot; loading=&amp;quot;lazy&amp;quot; class=&amp;quot;play-button&amp;quot;&amp;gt;
  (Session info: chrome=87.0.4280.141)
  (Driver info: chromedriver=2.40.565498 (ea082db3280dd6843ebfb08a625e3eb905c4f5ab),platform=Windows NT 10.0.18363 x86_64) (WARNING: The server did not provide any stacktrace information)
Command duration or timeout: 0 milliseconds
Build info: version: &amp;apos;3.141.59&amp;apos;, revision: &amp;apos;e82be7d358&amp;apos;, time: &amp;apos;2018-11-14T08:17:03&amp;apos;
System info: host: &amp;apos;DESKTOP-79QFOE9&amp;apos;, ip: &amp;apos;192.168.100.40&amp;apos;, os.name: &amp;apos;Windows 10&amp;apos;, os.arch: &amp;apos;amd64&amp;apos;, os.version: &amp;apos;10.0&amp;apos;, java.version: &amp;apos;1.8.0_171&amp;apos;
Driver info: org.openqa.selenium.chrome.ChromeDriver
Capabilities {acceptInsecureCerts: false, acceptSslCerts: false, applicationCacheEnabled: false, browserConnectionEnabled: false, browserName: chrome, chrome: {chromedriverVersion: 2.40.565498 (ea082db3280dd6..., userDataDir: C:\Users\LENOVO\AppData\Loc...}, cssSelectorsEnabled: true, databaseEnabled: false, handlesAlerts: true, hasTouchScreen: false, javascriptEnabled: true, locationContextEnabled: true, mobileEmulationEnabled: false, nativeEvents: true, networkConnectionEnabled: false, pageLoadStrategy: normal, platform: XP, platformName: XP, rotatable: false, setWindowRect: true, takesHeapSnapshot: true, takesScreenshot: true, unexpectedAlertBehaviour: , unhandledPromptBehavior: , version: 87.0.4280.141, webStorageEnabled: true}
Session ID: 1a630dad8efe60111da08760b3455c38">
      <![CDATA[org.openqa.selenium.WebDriverException: unknown error: Element <img data-v-7ffd8f16="" src="/static/img/placeholder-landscape.4f500a7.png" alt="Slider" class="landscape-div"> is not clickable at point (817, 169). Other element would receive the click: <img data-v-7ffd8f16="" src="data:image/svg+xml;base64,PHN2ZyB4bWxucz0iaHR0cDovL3d3dy53My5vcmcvMjAwMC9zdmciIHdpZHRoPSI1OSIgaGVpZ2h0PSI1OSIgdmlld0JveD0iMCAwIDU5IDU5Ij48ZGVmcz48c3R5bGU+LmF7ZmlsbDpyZ2JhKDAsMCwwLDAuNCk7c3Ryb2tlOiNmZmY7c3Ryb2tlLXdpZHRoOjNweDt9LmJ7ZmlsbDojZmZmO30uY3tzdHJva2U6bm9uZTt9LmR7ZmlsbDpub25lO308L3N0eWxlPjwvZGVmcz48ZyB0cmFuc2Zvcm09InRyYW5zbGF0ZSgtNjIuMTE1IC00ODkuMTE1KSI+PGcgY2xhc3M9ImEiIHRyYW5zZm9ybT0idHJhbnNsYXRlKDYyLjExNSA0ODkuMTE1KSI+PGNpcmNsZSBjbGFzcz0iYyIgY3g9IjI5LjUiIGN5PSIyOS41IiByPSIyOS41Ii8+PGNpcmNsZSBjbGFzcz0iZCIgY3g9IjI5LjUiIGN5PSIyOS41IiByPSIyOCIvPjwvZz48cGF0aCBjbGFzcz0iYiIgZD0iTTguMDM0LDEuMTI1YTIuMzEsMi4zMSwwLDAsMSwzLjk2NiwwbDcuNywxMi44OTNhMi4zMSwyLjMxLDAsMCwxLTEuOTgzLDMuNDk1SDIuMzEzQTIuMzEsMi4zMSwwLDAsMSwuMzMxLDE0LjAxOVoiIHRyYW5zZm9ybT0idHJhbnNsYXRlKDEwMy4wOTMgNTA5LjAxKSByb3RhdGUoOTApIi8+PC9nPjwvc3ZnPg==" alt="play" loading="lazy" class="play-button">
  (Session info: chrome=87.0.4280.141)
  (Driver info: chromedriver=2.40.565498 (ea082db3280dd6843ebfb08a625e3eb905c4f5ab),platform=Windows NT 10.0.18363 x86_64) (WARNING: The server did not provide any stacktrace information)
Command duration or timeout: 0 milliseconds
Build info: version: '3.141.59', revision: 'e82be7d358', time: '2018-11-14T08:17:03'
System info: host: 'DESKTOP-79QFOE9', ip: '192.168.100.40', os.name: 'Windows 10', os.arch: 'amd64', os.version: '10.0', java.version: '1.8.0_171'
Driver info: org.openqa.selenium.chrome.ChromeDriver
Capabilities {acceptInsecureCerts: false, acceptSslCerts: false, applicationCacheEnabled: false, browserConnectionEnabled: false, browserName: chrome, chrome: {chromedriverVersion: 2.40.565498 (ea082db3280dd6..., userDataDir: C:\Users\LENOVO\AppData\Loc...}, cssSelectorsEnabled: true, databaseEnabled: false, handlesAlerts: true, hasTouchScreen: false, javascriptEnabled: true, locationContextEnabled: true, mobileEmulationEnabled: false, nativeEvents: true, networkConnectionEnabled: false, pageLoadStrategy: normal, platform: XP, platformName: XP, rotatable: false, setWindowRect: true, takesHeapSnapshot: true, takesScreenshot: true, unexpectedAlertBehaviour: , unhandledPromptBehavior: , version: 87.0.4280.141, webStorageEnabled: true}
Session ID: 1a630dad8efe60111da08760b3455c38
at org.openqa.selenium.remote.ErrorHandler.createThrowable(ErrorHandler.java:214)
at org.openqa.selenium.remote.ErrorHandler.throwIfResponseFailed(ErrorHandler.java:166)
at org.openqa.selenium.remote.http.JsonHttpResponseCodec.reconstructValue(JsonHttpResponseCodec.java:40)
at org.openqa.selenium.remote.http.AbstractHttpResponseCodec.decode(AbstractHttpResponseCodec.java:80)
at org.openqa.selenium.remote.http.AbstractHttpResponseCodec.decode(AbstractHttpResponseCodec.java:44)
at org.openqa.selenium.remote.HttpCommandExecutor.execute(HttpCommandExecutor.java:158)
at org.openqa.selenium.remote.service.DriverCommandExecutor.execute(DriverCommandExecutor.java:83)
at org.openqa.selenium.remote.RemoteWebDriver.execute(RemoteWebDriver.java:552)
at org.openqa.selenium.remote.RemoteWebElement.execute(RemoteWebElement.java:285)
at org.openqa.selenium.remote.RemoteWebElement.click(RemoteWebElement.java:84)
at org.openqa.selenium.support.pagefactory.internal.LocatingElementHandler.invoke(LocatingElementHandler.java:51)
at com.sun.proxy.$Proxy13.click(Unknown Source)
at Pages.HomePage.selectTheEpisodeFromTheRelatedSection(HomePage.java:206)
at TestCases.PurchaseSeries_ViaEpisodeTest.PurchaseSeries_contentflowViaEpisodeSection(PurchaseSeries_ViaEpisodeTest.java:29)
... Removed 32 stack frames]]>
    </failure>
  </testcase> <!-- PurchaseSeries_contentflowViaEpisodeSection -->
</testsuite> <!-- Purchase_Activities -->
