<?xml version="1.0" encoding="UTF-8"?>
<!-- Generated by org.testng.reporters.JUnitXMLReporter -->
<testsuite hostname="DESKTOP-79QFOE9" ignored="8" name="Test" tests="3" failures="0" timestamp="05 Jan 2021 06:45:58 GMT" time="37.782" errors="0">
  <testcase name="login" time="13.151" classname="TestCases.LoginTest"/>
  <testcase name="Logout" time="6.878" classname="TestCases.LogoutTest"/>
  <testcase name="fbSignUp" time="16.292" classname="TestCases.FBSignUpTest"/>
  <testcase name="@AfterSuite CloseFramework" time="0.0" classname="Constant.BaseTest">
    <ignored/>
  </testcase> <!-- @AfterSuite CloseFramework -->
  <testcase name="@AfterSuite CloseFramework" time="0.0" classname="Constant.BaseTest">
    <ignored/>
  </testcase> <!-- @AfterSuite CloseFramework -->
  <testcase name="@BeforeTest Extent" time="0.0" classname="Constant.BaseTest">
    <ignored/>
  </testcase> <!-- @BeforeTest Extent -->
  <testcase name="@BeforeTest Extent" time="0.0" classname="Constant.BaseTest">
    <ignored/>
  </testcase> <!-- @BeforeTest Extent -->
  <testcase name="@AfterTest GenerareReport" time="0.0" classname="Constant.BaseTest">
    <ignored/>
  </testcase> <!-- @AfterTest GenerareReport -->
  <testcase name="@AfterTest GenerareReport" time="0.0" classname="Constant.BaseTest">
    <ignored/>
  </testcase> <!-- @AfterTest GenerareReport -->
  <testcase name="@BeforeSuite initApplication" time="0.0" classname="Constant.BaseTest">
    <ignored/>
  </testcase> <!-- @BeforeSuite initApplication -->
  <testcase name="@BeforeSuite initApplication" time="0.0" classname="Constant.BaseTest">
    <ignored/>
  </testcase> <!-- @BeforeSuite initApplication -->
</testsuite> <!-- Test -->
